# JRE version: OpenJDK Runtime Environment (11.0.12+7) (build 11.0.12+7-b1504.28-7817840)
# Java VM: OpenJDK 64-Bit Server VM (11.0.12+7-b1504.28-7817840, mixed mode, tiered, compressed oops, g1 gc, windows-amd64)
Heap:
 garbage-first heap   total 313344K, used 245885K [0x0000000725400000, 0x0000000800000000)
  region size 1024K, 116 young (118784K), 8 survivors (8192K)
 Metaspace       used 100773K, capacity 103045K, committed 103304K, reserved 1138688K
  class space    used 12526K, capacity 13388K, committed 13440K, reserved 1048576K
GC Heap History (20 events):
Event: 30.679 GC heap before
{Heap before GC invocations=16 (full 0):
 garbage-first heap   total 261120K, used 200443K [0x0000000725400000, 0x0000000800000000)
  region size 1024K, 134 young (137216K), 9 survivors (9216K)
 Metaspace       used 87406K, capacity 89595K, committed 89864K, reserved 1126400K
  class space    used 11386K, capacity 12221K, committed 12288K, reserved 1048576K
}
Event: 30.705 GC heap after
{Heap after GC invocations=17 (full 0):
 garbage-first heap   total 261120K, used 84410K [0x0000000725400000, 0x0000000800000000)
  region size 1024K, 17 young (17408K), 17 survivors (17408K)
 Metaspace       used 87406K, capacity 89595K, committed 89864K, reserved 1126400K
  class space    used 11386K, capacity 12221K, committed 12288K, reserved 1048576K
}
Event: 33.794 GC heap before
{Heap before GC invocations=17 (full 0):
 garbage-first heap   total 261120K, used 202170K [0x0000000725400000, 0x0000000800000000)
  region size 1024K, 133 young (136192K), 17 survivors (17408K)
 Metaspace       used 90166K, capacity 92380K, committed 92680K, reserved 1130496K
  class space    used 11632K, capacity 12460K, committed 12544K, reserved 1048576K
}
Event: 33.821 GC heap after
{Heap after GC invocations=18 (full 0):
 garbage-first heap   total 261120K, used 91905K [0x0000000725400000, 0x0000000800000000)
  region size 1024K, 8 young (8192K), 8 survivors (8192K)
 Metaspace       used 90166K, capacity 92380K, committed 92680K, reserved 1130496K
  class space    used 11632K, capacity 12460K, committed 12544K, reserved 1048576K
}
Event: 36.361 GC heap before
{Heap before GC invocations=18 (full 0):
 garbage-first heap   total 261120K, used 216833K [0x0000000725400000, 0x0000000800000000)
  region size 1024K, 120 young (122880K), 8 survivors (8192K)
 Metaspace       used 92051K, capacity 94313K, committed 94472K, reserved 1130496K
  class space    used 11787K, capacity 12677K, committed 12800K, reserved 1048576K
}
Event: 36.398 GC heap after
{Heap after GC invocations=19 (full 0):
 garbage-first heap   total 261120K, used 116736K [0x0000000725400000, 0x0000000800000000)
  region size 1024K, 15 young (15360K), 15 survivors (15360K)
 Metaspace       used 92051K, capacity 94313K, committed 94472K, reserved 1130496K
  class space    used 11787K, capacity 12677K, committed 12800K, reserved 1048576K
}
Event: 38.627 GC heap before
{Heap before GC invocations=19 (full 0):
 garbage-first heap   total 261120K, used 176128K [0x0000000725400000, 0x0000000800000000)
  region size 1024K, 61 young (62464K), 15 survivors (15360K)
 Metaspace       used 94223K, capacity 96519K, committed 96776K, reserved 1132544K
  class space    used 12060K, capacity 12943K, committed 13056K, reserved 1048576K
}
Event: 38.670 GC heap after
{Heap after GC invocations=20 (full 0):
 garbage-first heap   total 261120K, used 130560K [0x0000000725400000, 0x0000000800000000)
  region size 1024K, 9 young (9216K), 9 survivors (9216K)
 Metaspace       used 94223K, capacity 96519K, committed 96776K, reserved 1132544K
  class space    used 12060K, capacity 12943K, committed 13056K, reserved 1048576K
}
Event: 40.004 GC heap before
{Heap before GC invocations=21 (full 0):
 garbage-first heap   total 261120K, used 196096K [0x0000000725400000, 0x0000000800000000)
  region size 1024K, 71 young (72704K), 9 survivors (9216K)
 Metaspace       used 98071K, capacity 100310K, committed 100616K, reserved 1136640K
  class space    used 12329K, capacity 13202K, committed 13312K, reserved 1048576K
}
Event: 40.025 GC heap after
{Heap after GC invocations=22 (full 0):
 garbage-first heap   total 313344K, used 131584K [0x0000000725400000, 0x0000000800000000)
  region size 1024K, 9 young (9216K), 9 survivors (9216K)
 Metaspace       used 98071K, capacity 100310K, committed 100616K, reserved 1136640K
  class space    used 12329K, capacity 13202K, committed 13312K, reserved 1048576K
}
Event: 42.035 GC heap before
{Heap before GC invocations=22 (full 0):
 garbage-first heap   total 313344K, used 220672K [0x0000000725400000, 0x0000000800000000)
  region size 1024K, 95 young (97280K), 9 survivors (9216K)
 Metaspace       used 99456K, capacity 101710K, committed 101896K, reserved 1138688K
  class space    used 12433K, capacity 13283K, committed 13312K, reserved 1048576K
}
Event: 42.044 GC heap after
{Heap after GC invocations=23 (full 0):
 garbage-first heap   total 313344K, used 129338K [0x0000000725400000, 0x0000000800000000)
  region size 1024K, 3 young (3072K), 3 survivors (3072K)
 Metaspace       used 99456K, capacity 101710K, committed 101896K, reserved 1138688K
  class space    used 12433K, capacity 13283K, committed 13312K, reserved 1048576K
}
Event: 42.621 GC heap before
{Heap before GC invocations=23 (full 0):
 garbage-first heap   total 313344K, used 224570K [0x0000000725400000, 0x0000000800000000)
  region size 1024K, 97 young (99328K), 3 survivors (3072K)
 Metaspace       used 99506K, capacity 101774K, committed 101896K, reserved 1138688K
  class space    used 12433K, capacity 13283K, committed 13312K, reserved 1048576K
}
Event: 42.631 GC heap after
{Heap after GC invocations=24 (full 0):
 garbage-first heap   total 313344K, used 130207K [0x0000000725400000, 0x0000000800000000)
  region size 1024K, 4 young (4096K), 4 survivors (4096K)
 Metaspace       used 99506K, capacity 101774K, committed 101896K, reserved 1138688K
  class space    used 12433K, capacity 13283K, committed 13312K, reserved 1048576K
}
Event: 45.602 GC heap before
{Heap before GC invocations=24 (full 0):
 garbage-first heap   total 313344K, used 232607K [0x0000000725400000, 0x0000000800000000)
  region size 1024K, 103 young (105472K), 4 survivors (4096K)
 Metaspace       used 100702K, capacity 102970K, committed 103048K, reserved 1138688K
  class space    used 12525K, capacity 13386K, committed 13440K, reserved 1048576K
}
Event: 45.613 GC heap after
{Heap after GC invocations=25 (full 0):
 garbage-first heap   total 313344K, used 131196K [0x0000000725400000, 0x0000000800000000)
  region size 1024K, 7 young (7168K), 7 survivors (7168K)
 Metaspace       used 100702K, capacity 102970K, committed 103048K, reserved 1138688K
  class space    used 12525K, capacity 13386K, committed 13440K, reserved 1048576K
}
Event: 46.894 GC heap before
{Heap before GC invocations=25 (full 0):
 garbage-first heap   total 313344K, used 237692K [0x0000000725400000, 0x0000000800000000)
  region size 1024K, 110 young (112640K), 7 survivors (7168K)
 Metaspace       used 100756K, capacity 103043K, committed 103304K, reserved 1138688K
  class space    used 12526K, capacity 13388K, committed 13440K, reserved 1048576K
}
Event: 46.903 GC heap after
{Heap after GC invocations=26 (full 0):
 garbage-first heap   total 313344K, used 135416K [0x0000000725400000, 0x0000000800000000)
  region size 1024K, 9 young (9216K), 9 survivors (9216K)
 Metaspace       used 100756K, capacity 103043K, committed 103304K, reserved 1138688K
  class space    used 12526K, capacity 13388K, committed 13440K, reserved 1048576K
}
Event: 47.370 GC heap before
{Heap before GC invocations=26 (full 0):
 garbage-first heap   total 313344K, used 241912K [0x0000000725400000, 0x0000000800000000)
  region size 1024K, 114 young (116736K), 9 survivors (9216K)
 Metaspace       used 100773K, capacity 103045K, committed 103304K, reserved 1138688K
  class space    used 12526K, capacity 13388K, committed 13440K, reserved 1048576K
}
Event: 47.381 GC heap after
{Heap after GC invocations=27 (full 0):
 garbage-first heap   total 313344K, used 136317K [0x0000000725400000, 0x0000000800000000)
  region size 1024K, 8 young (8192K), 8 survivors (8192K)
 Metaspace       used 100773K, capacity 103045K, committed 103304K, reserved 1138688K
  class space    used 12526K, capacity 13388K, committed 13440K, reserved 1048576K
}

